::1 - - [27/Dec/2019:11:05:57 +0000] "POST /api/signup HTTP/1.1" 200 35 "http://localhost:4200/signup" "Mozilla/5.0 (Windows NT 10.0; Win64; x64) AppleWebKit/537.36 (KHTML, like Gecko) Chrome/79.0.3945.88 Safari/537.36"
::1 - - [27/Dec/2019:11:06:06 +0000] "POST /api/signin HTTP/1.1" 200 191 "http://localhost:4200/talk" "Mozilla/5.0 (Windows NT 10.0; Win64; x64) AppleWebKit/537.36 (KHTML, like Gecko) Chrome/79.0.3945.88 Safari/537.36"
::1 - - [27/Dec/2019:11:06:11 +0000] "GET / HTTP/1.1" 404 139 "-" "Mozilla/5.0 (Windows NT 10.0; Win64; x64) AppleWebKit/537.36 (KHTML, like Gecko) Chrome/79.0.3945.88 Safari/537.36"
::1 - - [27/Dec/2019:11:06:40 +0000] "POST /api/signup HTTP/1.1" 200 35 "http://localhost:4200/signup" "Mozilla/5.0 (Windows NT 10.0; Win64; x64) AppleWebKit/537.36 (KHTML, like Gecko) Chrome/79.0.3945.88 Safari/537.36"
::1 - - [27/Dec/2019:11:06:50 +0000] "POST /api/signin HTTP/1.1" 200 191 "http://localhost:4200/talk" "Mozilla/5.0 (Windows NT 10.0; Win64; x64) AppleWebKit/537.36 (KHTML, like Gecko) Chrome/79.0.3945.88 Safari/537.36"
::1 - - [06/Jun/2020:15:07:59 +0000] "POST /api/signup HTTP/1.1" 200 35 "http://localhost:4200/signup" "Mozilla/5.0 (Windows NT 10.0; Win64; x64) AppleWebKit/537.36 (KHTML, like Gecko) Chrome/77.0.3865.120 Safari/537.36"
::1 - - [06/Jun/2020:15:08:49 +0000] "POST /api/signin HTTP/1.1" 200 191 "http://localhost:4200/talk" "Mozilla/5.0 (Windows NT 10.0; Win64; x64) AppleWebKit/537.36 (KHTML, like Gecko) Chrome/77.0.3865.120 Safari/537.36"
::1 - - [06/Jun/2020:15:21:29 +0000] "POST /api/signin HTTP/1.1" 200 191 "http://localhost:4200/talk" "Mozilla/5.0 (Windows NT 10.0; Win64; x64) AppleWebKit/537.36 (KHTML, like Gecko) Chrome/77.0.3865.120 Safari/537.36"
::1 - - [06/Jun/2020:15:31:30 +0000] "POST /api/signin HTTP/1.1" 200 191 "http://localhost:4200/talk" "Mozilla/5.0 (Windows NT 10.0; Win64; x64) AppleWebKit/537.36 (KHTML, like Gecko) Chrome/77.0.3865.120 Safari/537.36"
::1 - - [06/Jun/2020:15:48:36 +0000] "POST /api/signin HTTP/1.1" 200 191 "http://localhost:4200/talk" "Mozilla/5.0 (Windows NT 10.0; Win64; x64) AppleWebKit/537.36 (KHTML, like Gecko) Chrome/77.0.3865.120 Safari/537.36"
::1 - - [06/Jun/2020:16:00:07 +0000] "POST /api/signin HTTP/1.1" 200 191 "http://localhost:4200/chat" "Mozilla/5.0 (Windows NT 10.0; Win64; x64) AppleWebKit/537.36 (KHTML, like Gecko) Chrome/77.0.3865.120 Safari/537.36"
::1 - - [07/Jun/2020:18:39:19 +0000] "POST /api/signin HTTP/1.1" 500 33 "http://localhost:4200/talk" "Mozilla/5.0 (Windows NT 10.0; Win64; x64) AppleWebKit/537.36 (KHTML, like Gecko) Chrome/77.0.3865.120 Safari/537.36"
::1 - - [07/Jun/2020:19:39:11 +0000] "GET / HTTP/1.1" 404 139 "-" "Mozilla/5.0 (Macintosh; Intel Mac OS X 10_13_6) AppleWebKit/537.36 (KHTML, like Gecko) Chrome/83.0.4103.61 Safari/537.36"
::1 - - [07/Jun/2020:19:39:45 +0000] "GET /api HTTP/1.1" 404 142 "-" "Mozilla/5.0 (Macintosh; Intel Mac OS X 10_13_6) AppleWebKit/537.36 (KHTML, like Gecko) Chrome/83.0.4103.61 Safari/537.36"
::1 - - [07/Jun/2020:19:41:09 +0000] "GET /api HTTP/1.1" 404 142 "-" "Mozilla/5.0 (Macintosh; Intel Mac OS X 10_13_6) AppleWebKit/537.36 (KHTML, like Gecko) Chrome/83.0.4103.61 Safari/537.36"
::1 - - [07/Jun/2020:19:41:14 +0000] "GET /api HTTP/1.1" 404 142 "-" "Mozilla/5.0 (Macintosh; Intel Mac OS X 10_13_6) AppleWebKit/537.36 (KHTML, like Gecko) Chrome/83.0.4103.61 Safari/537.36"
::1 - - [07/Jun/2020:19:41:21 +0000] "GET / HTTP/1.1" 404 139 "-" "Mozilla/5.0 (Macintosh; Intel Mac OS X 10_13_6) AppleWebKit/537.36 (KHTML, like Gecko) Chrome/83.0.4103.61 Safari/537.36"
::ffff:127.0.0.1 - - [07/Jun/2020:19:41:39 +0000] "GET / HTTP/1.1" 404 139 "-" "Mozilla/5.0 (Macintosh; Intel Mac OS X 10_13_6) AppleWebKit/537.36 (KHTML, like Gecko) Chrome/83.0.4103.61 Safari/537.36"
::1 - - [07/Jun/2020:20:01:20 +0000] "POST /api/signin HTTP/1.1" 200 191 "http://localhost:8081/login" "Mozilla/5.0 (Macintosh; Intel Mac OS X 10_13_6) AppleWebKit/537.36 (KHTML, like Gecko) Chrome/83.0.4103.61 Safari/537.36"
::1 - - [07/Jun/2020:20:02:59 +0000] "POST /api/signin HTTP/1.1" 200 191 "http://localhost:8081/login" "Mozilla/5.0 (Macintosh; Intel Mac OS X 10_13_6) AppleWebKit/537.36 (KHTML, like Gecko) Chrome/83.0.4103.61 Safari/537.36"
::1 - - [07/Jun/2020:20:06:01 +0000] "POST /api/signin HTTP/1.1" 200 191 "http://localhost:8081/login" "Mozilla/5.0 (Macintosh; Intel Mac OS X 10_13_6) AppleWebKit/537.36 (KHTML, like Gecko) Chrome/83.0.4103.61 Safari/537.36"
::1 - - [07/Jun/2020:20:16:11 +0000] "POST /api/signin HTTP/1.1" 200 191 "http://localhost:8081/" "Mozilla/5.0 (Macintosh; Intel Mac OS X 10_13_6) AppleWebKit/537.36 (KHTML, like Gecko) Chrome/83.0.4103.61 Safari/537.36"
::ffff:107.22.195.49 - - [09/Jun/2020:23:04:07 +0000] "GET / HTTP/1.1" 404 139 "-" "Cloud mapping experiment. Contact research@pdrlabs.net"
::1 - - [13/Jun/2020:19:03:20 +0000] "POST /api/signin HTTP/1.1" 200 191 "http://localhost:8081/talk" "Mozilla/5.0 (Windows NT 10.0; Win64; x64) AppleWebKit/537.36 (KHTML, like Gecko) Chrome/77.0.3865.120 Safari/537.36"
::1 - - [16/Jun/2020:02:30:01 +0000] "POST /api/signup HTTP/1.1" 200 38 "http://localhost:8081/signup" "Mozilla/5.0 (Windows NT 10.0; Win64; x64) AppleWebKit/537.36 (KHTML, like Gecko) Chrome/77.0.3865.120 Safari/537.36"
::1 - - [16/Jun/2020:02:44:06 +0000] "POST /api/signin HTTP/1.1" 200 191 "http://localhost:8081/talk" "Mozilla/5.0 (Windows NT 10.0; Win64; x64) AppleWebKit/537.36 (KHTML, like Gecko) Chrome/77.0.3865.120 Safari/537.36"
::1 - - [17/Jun/2020:02:45:56 +0000] "POST /api/signin HTTP/1.1" 200 191 "http://localhost:8081/login" "Mozilla/5.0 (Windows NT 10.0; Win64; x64) AppleWebKit/537.36 (KHTML, like Gecko) Chrome/77.0.3865.120 Safari/537.36"
::1 - - [17/Jun/2020:02:54:25 +0000] "POST /api/signup HTTP/1.1" 200 38 "http://localhost:8081/home" "Mozilla/5.0 (Windows NT 10.0; Win64; x64) AppleWebKit/537.36 (KHTML, like Gecko) Chrome/77.0.3865.120 Safari/537.36"
::1 - - [17/Jun/2020:02:56:36 +0000] "POST /api/signin HTTP/1.1" 200 191 "http://localhost:8081/login" "Mozilla/5.0 (Windows NT 10.0; Win64; x64) AppleWebKit/537.36 (KHTML, like Gecko) Chrome/77.0.3865.120 Safari/537.36"
::1 - - [17/Jun/2020:03:10:00 +0000] "POST /api/signin HTTP/1.1" 200 191 "http://localhost:8081/login" "Mozilla/5.0 (Linux; Android 8.0; Pixel 2 Build/OPD3.170816.012) AppleWebKit/537.36 (KHTML, like Gecko) Chrome/77.0.3865.120 Mobile Safari/537.36"
::1 - - [17/Jun/2020:03:14:07 +0000] "POST /api/signin HTTP/1.1" 200 191 "http://localhost:8081/login" "Mozilla/5.0 (Linux; Android 8.0; Pixel 2 Build/OPD3.170816.012) AppleWebKit/537.36 (KHTML, like Gecko) Chrome/77.0.3865.120 Mobile Safari/537.36"
::1 - - [17/Jun/2020:03:16:48 +0000] "POST /api/signin HTTP/1.1" 200 191 "http://localhost:8081/login" "Mozilla/5.0 (Linux; Android 8.0; Pixel 2 Build/OPD3.170816.012) AppleWebKit/537.36 (KHTML, like Gecko) Chrome/77.0.3865.120 Mobile Safari/537.36"
::1 - - [17/Jun/2020:03:17:22 +0000] "POST /api/signin HTTP/1.1" 200 191 "http://localhost:8081/login" "Mozilla/5.0 (Windows NT 10.0; Win64; x64) AppleWebKit/537.36 (KHTML, like Gecko) Chrome/77.0.3865.120 Safari/537.36"
::1 - - [17/Jun/2020:03:18:30 +0000] "POST /api/signin HTTP/1.1" 200 179 "http://localhost:8081/login" "Mozilla/5.0 (Windows NT 10.0; Win64; x64) AppleWebKit/537.36 (KHTML, like Gecko) Chrome/77.0.3865.120 Safari/537.36"
::1 - - [17/Jun/2020:03:20:08 +0000] "POST /api/signin HTTP/1.1" 200 227 "http://localhost:8081/login" "Mozilla/5.0 (Windows NT 10.0; Win64; x64) AppleWebKit/537.36 (KHTML, like Gecko) Chrome/77.0.3865.120 Safari/537.36"
::1 - - [17/Jun/2020:18:02:40 +0000] "POST /api/signin HTTP/1.1" 200 227 "http://localhost:8081/login" "Mozilla/5.0 (Windows NT 10.0; Win64; x64) AppleWebKit/537.36 (KHTML, like Gecko) Chrome/77.0.3865.120 Safari/537.36"
::1 - - [17/Jun/2020:18:18:27 +0000] "POST /api/signin HTTP/1.1" 200 229 "http://localhost:8081/login" "Mozilla/5.0 (Windows NT 10.0; Win64; x64) AppleWebKit/537.36 (KHTML, like Gecko) Chrome/77.0.3865.120 Safari/537.36"
::1 - - [18/Jun/2020:01:24:12 +0000] "POST /api/signin HTTP/1.1" - - "http://localhost:8081/login" "Mozilla/5.0 (Windows NT 10.0; Win64; x64) AppleWebKit/537.36 (KHTML, like Gecko) Chrome/77.0.3865.120 Safari/537.36"
::1 - - [18/Jun/2020:01:26:35 +0000] "POST /api/signin HTTP/1.1" 500 33 "http://localhost:8081/login" "Mozilla/5.0 (Windows NT 10.0; Win64; x64) AppleWebKit/537.36 (KHTML, like Gecko) Chrome/77.0.3865.120 Safari/537.36"
::1 - - [18/Jun/2020:01:27:09 +0000] "POST /api/signin HTTP/1.1" 200 229 "http://localhost:8081/login" "Mozilla/5.0 (Windows NT 10.0; Win64; x64) AppleWebKit/537.36 (KHTML, like Gecko) Chrome/77.0.3865.120 Safari/537.36"
::1 - - [18/Jun/2020:02:17:05 +0000] "POST /api/signin HTTP/1.1" 200 190 "http://localhost:8081/talk" "Mozilla/5.0 (Windows NT 10.0; Win64; x64) AppleWebKit/537.36 (KHTML, like Gecko) Chrome/77.0.3865.120 Safari/537.36"
